0 info it worked if it ends with ok
1 verbose cli [ '/usr/local/bin/node', '/usr/local/bin/npm', 'run', 'build' ]
2 info using npm@3.10.10
3 info using node@v6.10.3
4 verbose run-script [ 'prebuild', 'build', 'postbuild' ]
5 info lifecycle js@1.0.0~prebuild: js@1.0.0
6 silly lifecycle js@1.0.0~prebuild: no script for prebuild, continuing
7 info lifecycle js@1.0.0~build: js@1.0.0
8 verbose lifecycle js@1.0.0~build: unsafe-perm in lifecycle true
9 verbose lifecycle js@1.0.0~build: PATH: /usr/local/lib/node_modules/npm/bin/node-gyp-bin:/home/yerke/git/git_repo/LPP_NODE_JS/src/main/webapp/js/node_modules/.bin:/usr/local/sbin:/usr/local/bin:/usr/sbin:/usr/bin:/sbin:/bin:/usr/games:/usr/local/games:/usr/lib/jvm/java-8-oracle/bin:/usr/lib/jvm/java-8-oracle/db/bin:/usr/lib/jvm/java-8-oracle/jre/bin
10 verbose lifecycle js@1.0.0~build: CWD: /home/yerke/git/git_repo/LPP_NODE_JS/src/main/webapp/js
11 silly lifecycle js@1.0.0~build: Args: [ '-c', 'babel ./src.js --out-file ./main.js --presets es2015' ]
12 silly lifecycle js@1.0.0~build: Returned: code: 1  signal: null
13 info lifecycle js@1.0.0~build: Failed to exec build script
14 verbose stack Error: js@1.0.0 build: `babel ./src.js --out-file ./main.js --presets es2015`
14 verbose stack Exit status 1
14 verbose stack     at EventEmitter.<anonymous> (/usr/local/lib/node_modules/npm/lib/utils/lifecycle.js:255:16)
14 verbose stack     at emitTwo (events.js:106:13)
14 verbose stack     at EventEmitter.emit (events.js:191:7)
14 verbose stack     at ChildProcess.<anonymous> (/usr/local/lib/node_modules/npm/lib/utils/spawn.js:40:14)
14 verbose stack     at emitTwo (events.js:106:13)
14 verbose stack     at ChildProcess.emit (events.js:191:7)
14 verbose stack     at maybeClose (internal/child_process.js:886:16)
14 verbose stack     at Process.ChildProcess._handle.onexit (internal/child_process.js:226:5)
15 verbose pkgid js@1.0.0
16 verbose cwd /home/yerke/git/git_repo/LPP_NODE_JS/src/main/webapp/js
17 error Linux 3.13.0-24-generic
18 error argv "/usr/local/bin/node" "/usr/local/bin/npm" "run" "build"
19 error node v6.10.3
20 error npm  v3.10.10
21 error code ELIFECYCLE
22 error js@1.0.0 build: `babel ./src.js --out-file ./main.js --presets es2015`
22 error Exit status 1
23 error Failed at the js@1.0.0 build script 'babel ./src.js --out-file ./main.js --presets es2015'.
23 error Make sure you have the latest version of node.js and npm installed.
23 error If you do, this is most likely a problem with the js package,
23 error not with npm itself.
23 error Tell the author that this fails on your system:
23 error     babel ./src.js --out-file ./main.js --presets es2015
23 error You can get information on how to open an issue for this project with:
23 error     npm bugs js
23 error Or if that isn't available, you can get their info via:
23 error     npm owner ls js
23 error There is likely additional logging output above.
24 verbose exit [ 1, true ]
